<?xml version="1.0" encoding="UTF-8"?>
<!-- Generated by org.testng.reporters.JUnitXMLReporter -->
<testsuite ignored="2" hostname="LAPTOP-T7PI7EN2" failures="0" tests="4" name="LoginTest" time="0.093" errors="0" timestamp="2024-09-18T19:35:29 IST">
  <testcase classname="core.Page" name="@BeforeTest beforeTest" time="0.019">
    <skipped/>
  </testcase> <!-- @BeforeTest beforeTest -->
  <testcase classname="core.Page" name="@AfterTest afterTest" time="-1.726668329508E9">
    <skipped/>
  </testcase> <!-- @AfterTest afterTest -->
  <testcase classname="testcases.LoginTest" name="validateUserid" time="0.0">
    <skipped/>
  </testcase> <!-- validateUserid -->
  <testcase classname="testcases.LoginTest" name="validatePassword" time="0.0">
    <skipped/>
  </testcase> <!-- validatePassword -->
  <testcase classname="testcases.ProductSearchTest" name="productsearch" time="0.0">
    <skipped/>
  </testcase> <!-- productsearch -->
  <testcase classname="testcases.ProductSearchTest" name="addtokart" time="0.0">
    <skipped/>
  </testcase> <!-- addtokart -->
  <testcase classname="core.Page" name="@BeforeTest beforeTest" time="0.0">
    <ignored/>
  </testcase> <!-- @BeforeTest beforeTest -->
  <testcase classname="core.Page" name="@AfterTest afterTest" time="0.0">
    <ignored/>
  </testcase> <!-- @AfterTest afterTest -->
</testsuite> <!-- LoginTest -->
